   Compiling tauri-bundler v1.0.0-beta.0 (/private/tmp/nix-build-tauri-v1.0.0-beta.2-1.0.0-beta.2.drv-0/source/tooling/bundler)
   Compiling tauri-cli v1.0.0-beta.1 (/private/tmp/nix-build-tauri-v1.0.0-beta.2-1.0.0-beta.2.drv-0/source/tooling/cli.rs)
warning: unused variable: `manifest`
   --> src/build/rust.rs:344:3
    |
344 |   manifest: &Manifest,
    |   ^^^^^^^^ help: if this is intentional, prefix it with an underscore: `_manifest`
    |
    = note: `#[warn(unused_variables)]` on by default

warning: unused variable: `system_tray_config`
   --> src/build/rust.rs:346:3
    |
346 |   system_tray_config: Option<crate::helpers::config::SystemTrayConfig>,
    |   ^^^^^^^^^^^^^^^^^^ help: if this is intentional, prefix it with an underscore: `_system_tray_config`

warning: field is never read: `features`
  --> src/info.rs:53:3
   |
53 |   features: Vec<String>,
   |   ^^^^^^^^^^^^^^^^^^^^^
   |
   = note: `#[warn(dead_code)]` on by default

error: linking with `/nix/store/a2sz5pfcilnp7hw9hhqipvs3rvq3s59v-clang-wrapper-11.1.0/bin/cc` failed: exit status: 1
  |
  = note: "/nix/store/a2sz5pfcilnp7hw9hhqipvs3rvq3s59v-clang-wrapper-11.1.0/bin/cc"
    "-m64"
    "-arch" "x86_64"
    "/private/tmp/nix-build-tauri-v1.0.0-beta.2-1.0.0-beta.2.drv-0/source/tooling/cli.rs/target/x86_64-apple-darwin/release/deps/cargo_tauri-bb7fd04366f2399c.cargo_tauri.0a9fa178-cgu.0.rcgu.o"
    "/private/tmp/nix-build-tauri-v1.0.0-beta.2-1.0.0-beta.2.drv-0/source/tooling/cli.rs/target/x86_64-apple-darwin/release/deps/cargo_tauri-bb7fd04366f2399c.cargo_tauri.0a9fa178-cgu.1.rcgu.o"
    "/private/tmp/nix-build-tauri-v1.0.0-beta.2-1.0.0-beta.2.drv-0/source/tooling/cli.rs/target/x86_64-apple-darwin/release/deps/cargo_tauri-bb7fd04366f2399c.cargo_tauri.0a9fa178-cgu.10.rcgu.o"
    "/private/tmp/nix-build-tauri-v1.0.0-beta.2-1.0.0-beta.2.drv-0/source/tooling/cli.rs/target/x86_64-apple-darwin/release/deps/cargo_tauri-bb7fd04366f2399c.cargo_tauri.0a9fa178-cgu.11.rcgu.o"
    "/private/tmp/nix-build-tauri-v1.0.0-beta.2-1.0.0-beta.2.drv-0/source/tooling/cli.rs/target/x86_64-apple-darwin/release/deps/cargo_tauri-bb7fd04366f2399c.cargo_tauri.0a9fa178-cgu.12.rcgu.o"
    "/private/tmp/nix-build-tauri-v1.0.0-beta.2-1.0.0-beta.2.drv-0/source/tooling/cli.rs/target/x86_64-apple-darwin/release/deps/cargo_tauri-bb7fd04366f2399c.cargo_tauri.0a9fa178-cgu.13.rcgu.o"
    "/private/tmp/nix-build-tauri-v1.0.0-beta.2-1.0.0-beta.2.drv-0/source/tooling/cli.rs/target/x86_64-apple-darwin/release/deps/cargo_tauri-bb7fd04366f2399c.cargo_tauri.0a9fa178-cgu.14.rcgu.o"
    "/private/tmp/nix-build-tauri-v1.0.0-beta.2-1.0.0-beta.2.drv-0/source/tooling/cli.rs/target/x86_64-apple-darwin/release/deps/cargo_tauri-bb7fd04366f2399c.cargo_tauri.0a9fa178-cgu.15.rcgu.o"
    "/private/tmp/nix-build-tauri-v1.0.0-beta.2-1.0.0-beta.2.drv-0/source/tooling/cli.rs/target/x86_64-apple-darwin/release/deps/cargo_tauri-bb7fd04366f2399c.cargo_tauri.0a9fa178-cgu.2.rcgu.o"
    "/private/tmp/nix-build-tauri-v1.0.0-beta.2-1.0.0-beta.2.drv-0/source/tooling/cli.rs/target/x86_64-apple-darwin/release/deps/cargo_tauri-bb7fd04366f2399c.cargo_tauri.0a9fa178-cgu.3.rcgu.o"
    "/private/tmp/nix-build-tauri-v1.0.0-beta.2-1.0.0-beta.2.drv-0/source/tooling/cli.rs/target/x86_64-apple-darwin/release/deps/cargo_tauri-bb7fd04366f2399c.cargo_tauri.0a9fa178-cgu.4.rcgu.o"
    "/private/tmp/nix-build-tauri-v1.0.0-beta.2-1.0.0-beta.2.drv-0/source/tooling/cli.rs/target/x86_64-apple-darwin/release/deps/cargo_tauri-bb7fd04366f2399c.cargo_tauri.0a9fa178-cgu.5.rcgu.o"
    "/private/tmp/nix-build-tauri-v1.0.0-beta.2-1.0.0-beta.2.drv-0/source/tooling/cli.rs/target/x86_64-apple-darwin/release/deps/cargo_tauri-bb7fd04366f2399c.cargo_tauri.0a9fa178-cgu.6.rcgu.o"
    "/private/tmp/nix-build-tauri-v1.0.0-beta.2-1.0.0-beta.2.drv-0/source/tooling/cli.rs/target/x86_64-apple-darwin/release/deps/cargo_tauri-bb7fd04366f2399c.cargo_tauri.0a9fa178-cgu.7.rcgu.o"
    "/private/tmp/nix-build-tauri-v1.0.0-beta.2-1.0.0-beta.2.drv-0/source/tooling/cli.rs/target/x86_64-apple-darwin/release/deps/cargo_tauri-bb7fd04366f2399c.cargo_tauri.0a9fa178-cgu.8.rcgu.o"
    "/private/tmp/nix-build-tauri-v1.0.0-beta.2-1.0.0-beta.2.drv-0/source/tooling/cli.rs/target/x86_64-apple-darwin/release/deps/cargo_tauri-bb7fd04366f2399c.cargo_tauri.0a9fa178-cgu.9.rcgu.o"
    "/private/tmp/nix-build-tauri-v1.0.0-beta.2-1.0.0-beta.2.drv-0/source/tooling/cli.rs/target/x86_64-apple-darwin/release/deps/cargo_tauri-bb7fd04366f2399c.5f1n53j6ir9vt4xg.rcgu.o"
    "-L" "/private/tmp/nix-build-tauri-v1.0.0-beta.2-1.0.0-beta.2.drv-0/source/tooling/cli.rs/target/x86_64-apple-darwin/release/deps"
    "-L" "/private/tmp/nix-build-tauri-v1.0.0-beta.2-1.0.0-beta.2.drv-0/source/tooling/cli.rs/target/release/deps"
    "-L" "/private/tmp/nix-build-tauri-v1.0.0-beta.2-1.0.0-beta.2.drv-0/source/tooling/cli.rs/target/x86_64-apple-darwin/release/build/bzip2-sys-d127623fbce18b53/out/lib"
    "-L" "/private/tmp/nix-build-tauri-v1.0.0-beta.2-1.0.0-beta.2.drv-0/source/tooling/cli.rs/target/x86_64-apple-darwin/release/build/ring-e1b5eb37b3e560a1/out"
    "-L" "/nix/store/isq96yjhdr2j9acdz4b68c5vvbfmq7xh-rust-1.58.1-2022-01-20-db9d1b20b/lib/rustlib/x86_64-apple-darwin/lib"
    "/private/tmp/nix-build-tauri-v1.0.0-beta.2-1.0.0-beta.2.drv-0/source/tooling/cli.rs/target/x86_64-apple-darwin/release/deps/libterminal_size-440676af52372f76.rlib"
    "/private/tmp/nix-build-tauri-v1.0.0-beta.2-1.0.0-beta.2.drv-0/source/tooling/cli.rs/target/x86_64-apple-darwin/release/deps/libos_info-b57aca1db7b7dd45.rlib"
    "/private/tmp/nix-build-tauri-v1.0.0-beta.2-1.0.0-beta.2.drv-0/source/tooling/cli.rs/target/x86_64-apple-darwin/release/deps/libsemver-8a628fad489a341f.rlib"
    "/private/tmp/nix-build-tauri-v1.0.0-beta.2-1.0.0-beta.2.drv-0/source/tooling/cli.rs/target/x86_64-apple-darwin/release/deps/libsemver_parser-63d054ecd448d7f0.rlib"
    "/private/tmp/nix-build-tauri-v1.0.0-beta.2-1.0.0-beta.2.drv-0/source/tooling/cli.rs/target/x86_64-apple-darwin/release/deps/libureq-165e15b0316a607f.rlib"
    "/private/tmp/nix-build-tauri-v1.0.0-beta.2-1.0.0-beta.2.drv-0/source/tooling/cli.rs/target/x86_64-apple-darwin/release/deps/libwebpki_roots-6feb833fe7680dc3.rlib"
    "/private/tmp/nix-build-tauri-v1.0.0-beta.2-1.0.0-beta.2.drv-0/source/tooling/cli.rs/target/x86_64-apple-darwin/release/deps/librustls-b400871a18cbb34b.rlib"
    "/private/tmp/nix-build-tauri-v1.0.0-beta.2-1.0.0-beta.2.drv-0/source/tooling/cli.rs/target/x86_64-apple-darwin/release/deps/libsct-181c6d33caa40b68.rlib"
    "/private/tmp/nix-build-tauri-v1.0.0-beta.2-1.0.0-beta.2.drv-0/source/tooling/cli.rs/target/x86_64-apple-darwin/release/deps/libwebpki-50db73814e01c5ee.rlib"
    "/private/tmp/nix-build-tauri-v1.0.0-beta.2-1.0.0-beta.2.drv-0/source/tooling/cli.rs/target/x86_64-apple-darwin/release/deps/libring-46eab3041c2ac0bf.rlib"
    "/private/tmp/nix-build-tauri-v1.0.0-beta.2-1.0.0-beta.2.drv-0/source/tooling/cli.rs/target/x86_64-apple-darwin/release/deps/libspin-386dea8abf86c47f.rlib"
    "/private/tmp/nix-build-tauri-v1.0.0-beta.2-1.0.0-beta.2.drv-0/source/tooling/cli.rs/target/x86_64-apple-darwin/release/deps/libuntrusted-d59c08cf7a9e83ea.rlib"
    "/private/tmp/nix-build-tauri-v1.0.0-beta.2-1.0.0-beta.2.drv-0/source/tooling/cli.rs/target/x86_64-apple-darwin/release/deps/libchunked_transfer-84895a31ee847f0f.rlib"
    "/private/tmp/nix-build-tauri-v1.0.0-beta.2-1.0.0-beta.2.drv-0/source/tooling/cli.rs/target/x86_64-apple-darwin/release/deps/libvalico-8dae036952152ab7.rlib"
    "/private/tmp/nix-build-tauri-v1.0.0-beta.2-1.0.0-beta.2.drv-0/source/tooling/cli.rs/target/x86_64-apple-darwin/release/deps/libphf-0a8941390aabaaee.rlib"
    "/private/tmp/nix-build-tauri-v1.0.0-beta.2-1.0.0-beta.2.drv-0/source/tooling/cli.rs/target/x86_64-apple-darwin/release/deps/libphf_shared-150dd6a8db815085.rlib"
    "/private/tmp/nix-build-tauri-v1.0.0-beta.2-1.0.0-beta.2.drv-0/source/tooling/cli.rs/target/x86_64-apple-darwin/release/deps/libsiphasher-609252145e30b199.rlib"
    "/private/tmp/nix-build-tauri-v1.0.0-beta.2-1.0.0-beta.2.drv-0/source/tooling/cli.rs/target/x86_64-apple-darwin/release/deps/libjsonway-b5ed170bd65277be.rlib"
    "/private/tmp/nix-build-tauri-v1.0.0-beta.2-1.0.0-beta.2.drv-0/source/tooling/cli.rs/target/x86_64-apple-darwin/release/deps/liburitemplate-2e509c8bf702d8f2.rlib"
    "/private/tmp/nix-build-tauri-v1.0.0-beta.2-1.0.0-beta.2.drv-0/source/tooling/cli.rs/target/x86_64-apple-darwin/release/deps/libpublicsuffix-c65c04dc7cda1544.rlib"
    "/private/tmp/nix-build-tauri-v1.0.0-beta.2-1.0.0-beta.2.drv-0/source/tooling/cli.rs/target/x86_64-apple-darwin/release/deps/libjson_pointer-ee7b9dac4ea2c550.rlib"
    "/private/tmp/nix-build-tauri-v1.0.0-beta.2-1.0.0-beta.2.drv-0/source/tooling/cli.rs/target/x86_64-apple-darwin/release/deps/libuuid-7a97ab4ab7c970ab.rlib"
    "/private/tmp/nix-build-tauri-v1.0.0-beta.2-1.0.0-beta.2.drv-0/source/tooling/cli.rs/target/x86_64-apple-darwin/release/deps/libsha1-c6f45ffb75dce509.rlib"
    "/private/tmp/nix-build-tauri-v1.0.0-beta.2-1.0.0-beta.2.drv-0/source/tooling/cli.rs/target/x86_64-apple-darwin/release/deps/liburl-4abdc75a2c9c156b.rlib"
    "/private/tmp/nix-build-tauri-v1.0.0-beta.2-1.0.0-beta.2.drv-0/source/tooling/cli.rs/target/x86_64-apple-darwin/release/deps/libidna-73ca076189521a35.rlib"
    "/private/tmp/nix-build-tauri-v1.0.0-beta.2-1.0.0-beta.2.drv-0/source/tooling/cli.rs/target/x86_64-apple-darwin/release/deps/libunicode_normalization-88f097c4c91626ec.rlib"
    "/private/tmp/nix-build-tauri-v1.0.0-beta.2-1.0.0-beta.2.drv-0/source/tooling/cli.rs/target/x86_64-apple-darwin/release/deps/libtinyvec-5e540bb613c9d763.rlib"
    "/private/tmp/nix-build-tauri-v1.0.0-beta.2-1.0.0-beta.2.drv-0/source/tooling/cli.rs/target/x86_64-apple-darwin/release/deps/libtinyvec_macros-4dbdb0f9dfd1f955.rlib"
    "/private/tmp/nix-build-tauri-v1.0.0-beta.2-1.0.0-beta.2.drv-0/source/tooling/cli.rs/target/x86_64-apple-darwin/release/deps/libunicode_bidi-53b60b369ead7fae.rlib"
    "/private/tmp/nix-build-tauri-v1.0.0-beta.2-1.0.0-beta.2.drv-0/source/tooling/cli.rs/target/x86_64-apple-darwin/release/deps/libform_urlencoded-d2701a81fb028c79.rlib"
    "/private/tmp/nix-build-tauri-v1.0.0-beta.2-1.0.0-beta.2.drv-0/source/tooling/cli.rs/target/x86_64-apple-darwin/release/deps/libpercent_encoding-24f7a4d3bea27c74.rlib"
    "/private/tmp/nix-build-tauri-v1.0.0-beta.2-1.0.0-beta.2.drv-0/source/tooling/cli.rs/target/x86_64-apple-darwin/release/deps/libmatches-e0603391201979c5.rlib"
    "/private/tmp/nix-build-tauri-v1.0.0-beta.2-1.0.0-beta.2.drv-0/source/tooling/cli.rs/target/x86_64-apple-darwin/release/deps/libzeroize-e1d5d1e1f8a52634.rlib"
    "/private/tmp/nix-build-tauri-v1.0.0-beta.2-1.0.0-beta.2.drv-0/source/tooling/cli.rs/target/x86_64-apple-darwin/release/deps/libinclude_dir-73a4c001c45a9b23.rlib"
    "/private/tmp/nix-build-tauri-v1.0.0-beta.2-1.0.0-beta.2.drv-0/source/tooling/cli.rs/target/x86_64-apple-darwin/release/deps/libbase64-0ba312d0167dde0d.rlib"
    "/private/tmp/nix-build-tauri-v1.0.0-beta.2-1.0.0-beta.2.drv-0/source/tooling/cli.rs/target/x86_64-apple-darwin/release/deps/libtoml_edit-9d723dd1c390d115.rlib"
    "/private/tmp/nix-build-tauri-v1.0.0-beta.2-1.0.0-beta.2.drv-0/source/tooling/cli.rs/target/x86_64-apple-darwin/release/deps/libcombine-4933ac5c09c02139.rlib"
    "/private/tmp/nix-build-tauri-v1.0.0-beta.2-1.0.0-beta.2.drv-0/source/tooling/cli.rs/target/x86_64-apple-darwin/release/deps/libascii-38a08ca09d675adc.rlib"
    "/private/tmp/nix-build-tauri-v1.0.0-beta.2-1.0.0-beta.2.drv-0/source/tooling/cli.rs/target/x86_64-apple-darwin/release/deps/libunreachable-d61df229859fc6fb.rlib"
    "/private/tmp/nix-build-tauri-v1.0.0-beta.2-1.0.0-beta.2.drv-0/source/tooling/cli.rs/target/x86_64-apple-darwin/release/deps/libvoid-327d90c12b528361.rlib"
    "/private/tmp/nix-build-tauri-v1.0.0-beta.2-1.0.0-beta.2.drv-0/source/tooling/cli.rs/target/x86_64-apple-darwin/release/deps/libcolored-91afef23b00a6378.rlib"
    "/private/tmp/nix-build-tauri-v1.0.0-beta.2-1.0.0-beta.2.drv-0/source/tooling/cli.rs/target/x86_64-apple-darwin/release/deps/libserde_with-e84ba4f0f4e54ab7.rlib"
    "/private/tmp/nix-build-tauri-v1.0.0-beta.2-1.0.0-beta.2.drv-0/source/tooling/cli.rs/target/x86_64-apple-darwin/release/deps/libschemars-18a3c236ec529a8e.rlib"
    "/private/tmp/nix-build-tauri-v1.0.0-beta.2-1.0.0-beta.2.drv-0/source/tooling/cli.rs/target/x86_64-apple-darwin/release/deps/libdyn_clone-066018526f286370.rlib"
    "/private/tmp/nix-build-tauri-v1.0.0-beta.2-1.0.0-beta.2.drv-0/source/tooling/cli.rs/target/x86_64-apple-darwin/release/deps/libjson_patch-f60a996ad8360e00.rlib"
    "/private/tmp/nix-build-tauri-v1.0.0-beta.2-1.0.0-beta.2.drv-0/source/tooling/cli.rs/target/x86_64-apple-darwin/release/deps/libtreediff-79805d6ff1f886d5.rlib"
    "/private/tmp/nix-build-tauri-v1.0.0-beta.2-1.0.0-beta.2.drv-0/source/tooling/cli.rs/target/x86_64-apple-darwin/release/deps/libshared_child-5f3cd8d9ad08fdcc.rlib"
    "/private/tmp/nix-build-tauri-v1.0.0-beta.2-1.0.0-beta.2.drv-0/source/tooling/cli.rs/target/x86_64-apple-darwin/release/deps/libonce_cell-887cb48976f96187.rlib"
    "/private/tmp/nix-build-tauri-v1.0.0-beta.2-1.0.0-beta.2.drv-0/source/tooling/cli.rs/target/x86_64-apple-darwin/release/deps/libnotify-a075588c18db0d82.rlib"
    "/private/tmp/nix-build-tauri-v1.0.0-beta.2-1.0.0-beta.2.drv-0/source/tooling/cli.rs/target/x86_64-apple-darwin/release/deps/libfsevent-a75fefc8b9ecea69.rlib"
    "/private/tmp/nix-build-tauri-v1.0.0-beta.2-1.0.0-beta.2.drv-0/source/tooling/cli.rs/target/x86_64-apple-darwin/release/deps/libfsevent_sys-ed4cf3d81be42ea2.rlib"
    "/private/tmp/nix-build-tauri-v1.0.0-beta.2-1.0.0-beta.2.drv-0/source/tooling/cli.rs/target/x86_64-apple-darwin/release/deps/libtauri_bundler-c8ec75e53c620453.rlib"
    "/private/tmp/nix-build-tauri-v1.0.0-beta.2-1.0.0-beta.2.drv-0/source/tooling/cli.rs/target/x86_64-apple-darwin/release/deps/libhandlebars-9643b774e6c6cfe3.rlib"
    "/private/tmp/nix-build-tauri-v1.0.0-beta.2-1.0.0-beta.2.drv-0/source/tooling/cli.rs/target/x86_64-apple-darwin/release/deps/libpest-c3f616034ed4483d.rlib"
    "/private/tmp/nix-build-tauri-v1.0.0-beta.2-1.0.0-beta.2.drv-0/source/tooling/cli.rs/target/x86_64-apple-darwin/release/deps/libucd_trie-b158b0d69ee981a5.rlib"
    "/private/tmp/nix-build-tauri-v1.0.0-beta.2-1.0.0-beta.2.drv-0/source/tooling/cli.rs/target/x86_64-apple-darwin/release/deps/libserde_json-2ecc97008a6742c4.rlib"
    "/private/tmp/nix-build-tauri-v1.0.0-beta.2-1.0.0-beta.2.drv-0/source/tooling/cli.rs/target/x86_64-apple-darwin/release/deps/libryu-6eaa7065fec9f402.rlib"
    "/private/tmp/nix-build-tauri-v1.0.0-beta.2-1.0.0-beta.2.drv-0/source/tooling/cli.rs/target/x86_64-apple-darwin/release/deps/libitoa-254bb404c6b3a933.rlib"
    "/private/tmp/nix-build-tauri-v1.0.0-beta.2-1.0.0-beta.2.drv-0/source/tooling/cli.rs/target/x86_64-apple-darwin/release/deps/libquick_error-6305b7eb80191b1e.rlib"
    "/private/tmp/nix-build-tauri-v1.0.0-beta.2-1.0.0-beta.2.drv-0/source/tooling/cli.rs/target/x86_64-apple-darwin/release/deps/liblog-a04896e1a8be87b7.rlib"
    "/private/tmp/nix-build-tauri-v1.0.0-beta.2-1.0.0-beta.2.drv-0/source/tooling/cli.rs/target/x86_64-apple-darwin/release/deps/libzip-3118d9b45934fdf1.rlib"
    "/private/tmp/nix-build-tauri-v1.0.0-beta.2-1.0.0-beta.2.drv-0/source/tooling/cli.rs/target/x86_64-apple-darwin/release/deps/libbzip2-f5918949b48b2671.rlib"
    "/private/tmp/nix-build-tauri-v1.0.0-beta.2-1.0.0-beta.2.drv-0/source/tooling/cli.rs/target/x86_64-apple-darwin/release/deps/libbzip2_sys-67f05e9e07d833c2.rlib"
    "/private/tmp/nix-build-tauri-v1.0.0-beta.2-1.0.0-beta.2.drv-0/source/tooling/cli.rs/target/x86_64-apple-darwin/release/deps/libflate2-14612af914a069c9.rlib"
    "/private/tmp/nix-build-tauri-v1.0.0-beta.2-1.0.0-beta.2.drv-0/source/tooling/cli.rs/target/x86_64-apple-darwin/release/deps/libtoml-3f26eb0b74fa50bb.rlib"
    "/private/tmp/nix-build-tauri-v1.0.0-beta.2-1.0.0-beta.2.drv-0/source/tooling/cli.rs/target/x86_64-apple-darwin/release/deps/libtar-6cff7142276f6bea.rlib"
    "/private/tmp/nix-build-tauri-v1.0.0-beta.2-1.0.0-beta.2.drv-0/source/tooling/cli.rs/target/x86_64-apple-darwin/release/deps/libxattr-ea5f1f26d8d3d091.rlib"
    "/private/tmp/nix-build-tauri-v1.0.0-beta.2-1.0.0-beta.2.drv-0/source/tooling/cli.rs/target/x86_64-apple-darwin/release/deps/libfiletime-57a1b82e54f2f496.rlib"
    "/private/tmp/nix-build-tauri-v1.0.0-beta.2-1.0.0-beta.2.drv-0/source/tooling/cli.rs/target/x86_64-apple-darwin/release/deps/liblibflate-2f3dc694d99c2902.rlib"
    "/private/tmp/nix-build-tauri-v1.0.0-beta.2-1.0.0-beta.2.drv-0/source/tooling/cli.rs/target/x86_64-apple-darwin/release/deps/liblibflate_lz77-c27b0c70d8ff25e4.rlib"
    "/private/tmp/nix-build-tauri-v1.0.0-beta.2-1.0.0-beta.2.drv-0/source/tooling/cli.rs/target/x86_64-apple-darwin/release/deps/librle_decode_fast-75fcfc48d4fa9798.rlib"
    "/private/tmp/nix-build-tauri-v1.0.0-beta.2-1.0.0-beta.2.drv-0/source/tooling/cli.rs/target/x86_64-apple-darwin/release/deps/libglob-5d8b05e4aa2a1ead.rlib"
    "/private/tmp/nix-build-tauri-v1.0.0-beta.2-1.0.0-beta.2.drv-0/source/tooling/cli.rs/target/x86_64-apple-darwin/release/deps/libtempfile-5f65fff1e1253ed6.rlib"
    "/private/tmp/nix-build-tauri-v1.0.0-beta.2-1.0.0-beta.2.drv-0/source/tooling/cli.rs/target/x86_64-apple-darwin/release/deps/librand-9c74d911df7bd63c.rlib"
    "/private/tmp/nix-build-tauri-v1.0.0-beta.2-1.0.0-beta.2.drv-0/source/tooling/cli.rs/target/x86_64-apple-darwin/release/deps/librand_chacha-1a43b6fcd6cb8a1b.rlib"
    "/private/tmp/nix-build-tauri-v1.0.0-beta.2-1.0.0-beta.2.drv-0/source/tooling/cli.rs/target/x86_64-apple-darwin/release/deps/libppv_lite86-d1e266e5a4675427.rlib"
    "/private/tmp/nix-build-tauri-v1.0.0-beta.2-1.0.0-beta.2.drv-0/source/tooling/cli.rs/target/x86_64-apple-darwin/release/deps/librand_core-7b686c7d91466ba0.rlib"
    "/private/tmp/nix-build-tauri-v1.0.0-beta.2-1.0.0-beta.2.drv-0/source/tooling/cli.rs/target/x86_64-apple-darwin/release/deps/libremove_dir_all-fa3867b6a7b35d2c.rlib"
    "/private/tmp/nix-build-tauri-v1.0.0-beta.2-1.0.0-beta.2.drv-0/source/tooling/cli.rs/target/x86_64-apple-darwin/release/deps/libicns-fdf868ba32cc5925.rlib"
    "/private/tmp/nix-build-tauri-v1.0.0-beta.2-1.0.0-beta.2.drv-0/source/tooling/cli.rs/target/x86_64-apple-darwin/release/deps/libdirs_next-4132ddd1e60f6fd6.rlib"
    "/private/tmp/nix-build-tauri-v1.0.0-beta.2-1.0.0-beta.2.drv-0/source/tooling/cli.rs/target/x86_64-apple-darwin/release/deps/libdirs_sys_next-64f81e9d8744d8ee.rlib"
    "/private/tmp/nix-build-tauri-v1.0.0-beta.2-1.0.0-beta.2.drv-0/source/tooling/cli.rs/target/x86_64-apple-darwin/release/deps/libchrono-aacf82e99fa99565.rlib"
    "/private/tmp/nix-build-tauri-v1.0.0-beta.2-1.0.0-beta.2.drv-0/source/tooling/cli.rs/target/x86_64-apple-darwin/release/deps/libtime-4a7aa67b6dc3374c.rlib"
    "/private/tmp/nix-build-tauri-v1.0.0-beta.2-1.0.0-beta.2.drv-0/source/tooling/cli.rs/target/x86_64-apple-darwin/release/deps/libwalkdir-247b8eb947568591.rlib"
    "/private/tmp/nix-build-tauri-v1.0.0-beta.2-1.0.0-beta.2.drv-0/source/tooling/cli.rs/target/x86_64-apple-darwin/release/deps/libsame_file-d5b8b06a55a8b74c.rlib"
    "/private/tmp/nix-build-tauri-v1.0.0-beta.2-1.0.0-beta.2.drv-0/source/tooling/cli.rs/target/x86_64-apple-darwin/release/deps/libserde-7ce1bac4efc05a0e.rlib"
    "/private/tmp/nix-build-tauri-v1.0.0-beta.2-1.0.0-beta.2.drv-0/source/tooling/cli.rs/target/x86_64-apple-darwin/release/deps/libthiserror-5e2ea5f93d02d916.rlib"
    "/private/tmp/nix-build-tauri-v1.0.0-beta.2-1.0.0-beta.2.drv-0/source/tooling/cli.rs/target/x86_64-apple-darwin/release/deps/libregex-e0d2044f72366b99.rlib"
    "/private/tmp/nix-build-tauri-v1.0.0-beta.2-1.0.0-beta.2.drv-0/source/tooling/cli.rs/target/x86_64-apple-darwin/release/deps/libaho_corasick-80e53572f5c18595.rlib"
    "/private/tmp/nix-build-tauri-v1.0.0-beta.2-1.0.0-beta.2.drv-0/source/tooling/cli.rs/target/x86_64-apple-darwin/release/deps/libmemchr-8b22563fbb0b8c4d.rlib"
    "/private/tmp/nix-build-tauri-v1.0.0-beta.2-1.0.0-beta.2.drv-0/source/tooling/cli.rs/target/x86_64-apple-darwin/release/deps/libregex_syntax-ae1b2ad8c9746860.rlib"
    "/private/tmp/nix-build-tauri-v1.0.0-beta.2-1.0.0-beta.2.drv-0/source/tooling/cli.rs/target/x86_64-apple-darwin/release/deps/libimage-7cf0051b159c1e1d.rlib"
    "/private/tmp/nix-build-tauri-v1.0.0-beta.2-1.0.0-beta.2.drv-0/source/tooling/cli.rs/target/x86_64-apple-darwin/release/deps/libbytemuck-08980e56387d374f.rlib"
    "/private/tmp/nix-build-tauri-v1.0.0-beta.2-1.0.0-beta.2.drv-0/source/tooling/cli.rs/target/x86_64-apple-darwin/release/deps/libpng-cc356eeff5f3d759.rlib"
    "/private/tmp/nix-build-tauri-v1.0.0-beta.2-1.0.0-beta.2.drv-0/source/tooling/cli.rs/target/x86_64-apple-darwin/release/deps/libminiz_oxide-f7bccae6feec66d0.rlib"
    "/private/tmp/nix-build-tauri-v1.0.0-beta.2-1.0.0-beta.2.drv-0/source/tooling/cli.rs/target/x86_64-apple-darwin/release/deps/libcrc32fast-b0990532532e263a.rlib"
    "/private/tmp/nix-build-tauri-v1.0.0-beta.2-1.0.0-beta.2.drv-0/source/tooling/cli.rs/target/x86_64-apple-darwin/release/deps/libdeflate-54d38d2414b8c4d1.rlib"
    "/private/tmp/nix-build-tauri-v1.0.0-beta.2-1.0.0-beta.2.drv-0/source/tooling/cli.rs/target/x86_64-apple-darwin/release/deps/libadler32-bdef034a7a4c6174.rlib"
    "/private/tmp/nix-build-tauri-v1.0.0-beta.2-1.0.0-beta.2.drv-0/source/tooling/cli.rs/target/x86_64-apple-darwin/release/deps/libnum_iter-d8fd5a50cb5db29a.rlib"
    "/private/tmp/nix-build-tauri-v1.0.0-beta.2-1.0.0-beta.2.drv-0/source/tooling/cli.rs/target/x86_64-apple-darwin/release/deps/libscoped_threadpool-61aa9d780aad85d2.rlib"
    "/private/tmp/nix-build-tauri-v1.0.0-beta.2-1.0.0-beta.2.drv-0/source/tooling/cli.rs/target/x86_64-apple-darwin/release/deps/libnum_rational-e14315521d30ddb0.rlib"
    "/private/tmp/nix-build-tauri-v1.0.0-beta.2-1.0.0-beta.2.drv-0/source/tooling/cli.rs/target/x86_64-apple-darwin/release/deps/libnum_integer-ff55f0c17b291c79.rlib"
    "/private/tmp/nix-build-tauri-v1.0.0-beta.2-1.0.0-beta.2.drv-0/source/tooling/cli.rs/target/x86_64-apple-darwin/release/deps/libgif-e9990523f903e1bb.rlib"
    "/private/tmp/nix-build-tauri-v1.0.0-beta.2-1.0.0-beta.2.drv-0/source/tooling/cli.rs/target/x86_64-apple-darwin/release/deps/libcolor_quant-882a22dc27339eef.rlib"
    "/private/tmp/nix-build-tauri-v1.0.0-beta.2-1.0.0-beta.2.drv-0/source/tooling/cli.rs/target/x86_64-apple-darwin/release/deps/libbyteorder-56605ade53ab70c4.rlib"
    "/private/tmp/nix-build-tauri-v1.0.0-beta.2-1.0.0-beta.2.drv-0/source/tooling/cli.rs/target/x86_64-apple-darwin/release/deps/libnum_traits-989979ccd12057f3.rlib"
    "/private/tmp/nix-build-tauri-v1.0.0-beta.2-1.0.0-beta.2.drv-0/source/tooling/cli.rs/target/x86_64-apple-darwin/release/deps/libtiff-370107ee84ed8576.rlib"
    "/private/tmp/nix-build-tauri-v1.0.0-beta.2-1.0.0-beta.2.drv-0/source/tooling/cli.rs/target/x86_64-apple-darwin/release/deps/libweezl-80cd1753d5be4c02.rlib"
    "/private/tmp/nix-build-tauri-v1.0.0-beta.2-1.0.0-beta.2.drv-0/source/tooling/cli.rs/target/x86_64-apple-darwin/release/deps/libminiz_oxide-2fb549c71472ded5.rlib"
    "/private/tmp/nix-build-tauri-v1.0.0-beta.2-1.0.0-beta.2.drv-0/source/tooling/cli.rs/target/x86_64-apple-darwin/release/deps/libadler-871cbcfce1b392aa.rlib"
    "/private/tmp/nix-build-tauri-v1.0.0-beta.2-1.0.0-beta.2.drv-0/source/tooling/cli.rs/target/x86_64-apple-darwin/release/deps/libjpeg_decoder-f3e665489b017407.rlib"
    "/private/tmp/nix-build-tauri-v1.0.0-beta.2-1.0.0-beta.2.drv-0/source/tooling/cli.rs/target/x86_64-apple-darwin/release/deps/librayon-03a4a66febcc8a8b.rlib"
    "/private/tmp/nix-build-tauri-v1.0.0-beta.2-1.0.0-beta.2.drv-0/source/tooling/cli.rs/target/x86_64-apple-darwin/release/deps/librayon_core-4935e2593d5ed8bd.rlib"
    "/private/tmp/nix-build-tauri-v1.0.0-beta.2-1.0.0-beta.2.drv-0/source/tooling/cli.rs/target/x86_64-apple-darwin/release/deps/libnum_cpus-b4cda946a1a463f6.rlib"
    "/private/tmp/nix-build-tauri-v1.0.0-beta.2-1.0.0-beta.2.drv-0/source/tooling/cli.rs/target/x86_64-apple-darwin/release/deps/libcrossbeam_deque-c22fd6addaeb15b5.rlib"
    "/private/tmp/nix-build-tauri-v1.0.0-beta.2-1.0.0-beta.2.drv-0/source/tooling/cli.rs/target/x86_64-apple-darwin/release/deps/libcrossbeam_epoch-6caf185f9c388a39.rlib"
    "/private/tmp/nix-build-tauri-v1.0.0-beta.2-1.0.0-beta.2.drv-0/source/tooling/cli.rs/target/x86_64-apple-darwin/release/deps/libmemoffset-8fc2174bc2e31175.rlib"
    "/private/tmp/nix-build-tauri-v1.0.0-beta.2-1.0.0-beta.2.drv-0/source/tooling/cli.rs/target/x86_64-apple-darwin/release/deps/libscopeguard-b2858bedd2fb6fbe.rlib"
    "/private/tmp/nix-build-tauri-v1.0.0-beta.2-1.0.0-beta.2.drv-0/source/tooling/cli.rs/target/x86_64-apple-darwin/release/deps/libcrossbeam_channel-784a8233766cf00b.rlib"
    "/private/tmp/nix-build-tauri-v1.0.0-beta.2-1.0.0-beta.2.drv-0/source/tooling/cli.rs/target/x86_64-apple-darwin/release/deps/libcrossbeam_utils-d92256108d697ff6.rlib"
    "/private/tmp/nix-build-tauri-v1.0.0-beta.2-1.0.0-beta.2.drv-0/source/tooling/cli.rs/target/x86_64-apple-darwin/release/deps/libeither-eecb62993e124e8b.rlib"
    "/private/tmp/nix-build-tauri-v1.0.0-beta.2-1.0.0-beta.2.drv-0/source/tooling/cli.rs/target/x86_64-apple-darwin/release/deps/libclap-3283f76ca565a249.rlib"
    "/private/tmp/nix-build-tauri-v1.0.0-beta.2-1.0.0-beta.2.drv-0/source/tooling/cli.rs/target/x86_64-apple-darwin/release/deps/libstrsim-46e9ba3ff7be317e.rlib"
    "/private/tmp/nix-build-tauri-v1.0.0-beta.2-1.0.0-beta.2.drv-0/source/tooling/cli.rs/target/x86_64-apple-darwin/release/deps/libatty-52dbd19caed516d9.rlib"
    "/private/tmp/nix-build-tauri-v1.0.0-beta.2-1.0.0-beta.2.drv-0/source/tooling/cli.rs/target/x86_64-apple-darwin/release/deps/libtextwrap-9e31ba75e0453a38.rlib"
    "/private/tmp/nix-build-tauri-v1.0.0-beta.2-1.0.0-beta.2.drv-0/source/tooling/cli.rs/target/x86_64-apple-darwin/release/deps/libvec_map-5b5a5e056fb14392.rlib"
    "/private/tmp/nix-build-tauri-v1.0.0-beta.2-1.0.0-beta.2.drv-0/source/tooling/cli.rs/target/x86_64-apple-darwin/release/deps/libos_str_bytes-0f66142a2f9f5c78.rlib"
    "/private/tmp/nix-build-tauri-v1.0.0-beta.2-1.0.0-beta.2.drv-0/source/tooling/cli.rs/target/x86_64-apple-darwin/release/deps/libtermcolor-1ea77f4f3a5875b7.rlib"
    "/private/tmp/nix-build-tauri-v1.0.0-beta.2-1.0.0-beta.2.drv-0/source/tooling/cli.rs/target/x86_64-apple-darwin/release/deps/libunicode_width-ca66da1316f76cc0.rlib"
    "/private/tmp/nix-build-tauri-v1.0.0-beta.2-1.0.0-beta.2.drv-0/source/tooling/cli.rs/target/x86_64-apple-darwin/release/deps/libindexmap-e44981e1458d03e2.rlib"
    "/private/tmp/nix-build-tauri-v1.0.0-beta.2-1.0.0-beta.2.drv-0/source/tooling/cli.rs/target/x86_64-apple-darwin/release/deps/libhashbrown-aa74c165481d5537.rlib"
    "/private/tmp/nix-build-tauri-v1.0.0-beta.2-1.0.0-beta.2.drv-0/source/tooling/cli.rs/target/x86_64-apple-darwin/release/deps/libbitflags-cc5cc09235618582.rlib"
    "/private/tmp/nix-build-tauri-v1.0.0-beta.2-1.0.0-beta.2.drv-0/source/tooling/cli.rs/target/x86_64-apple-darwin/release/deps/liblazy_static-439a56294cca7164.rlib"
    "/private/tmp/nix-build-tauri-v1.0.0-beta.2-1.0.0-beta.2.drv-0/source/tooling/cli.rs/target/x86_64-apple-darwin/release/deps/libyaml_rust-7255bed37719e720.rlib"
    "/private/tmp/nix-build-tauri-v1.0.0-beta.2-1.0.0-beta.2.drv-0/source/tooling/cli.rs/target/x86_64-apple-darwin/release/deps/liblinked_hash_map-df9b173a94ee3275.rlib"
    "/private/tmp/nix-build-tauri-v1.0.0-beta.2-1.0.0-beta.2.drv-0/source/tooling/cli.rs/target/x86_64-apple-darwin/release/deps/libanyhow-47b5a3dbe86c4121.rlib"
    "/private/tmp/nix-build-tauri-v1.0.0-beta.2-1.0.0-beta.2.drv-0/source/tooling/cli.rs/target/x86_64-apple-darwin/release/deps/libminisign-08e5a8b955c1b259.rlib"
    "/private/tmp/nix-build-tauri-v1.0.0-beta.2-1.0.0-beta.2.drv-0/source/tooling/cli.rs/target/x86_64-apple-darwin/release/deps/libscrypt-bd6ed100e53aad58.rlib"
    "/private/tmp/nix-build-tauri-v1.0.0-beta.2-1.0.0-beta.2.drv-0/source/tooling/cli.rs/target/x86_64-apple-darwin/release/deps/libsalsa20-85dee1fa0792234e.rlib"
    "/private/tmp/nix-build-tauri-v1.0.0-beta.2-1.0.0-beta.2.drv-0/source/tooling/cli.rs/target/x86_64-apple-darwin/release/deps/libcipher-ca822a7172586c9c.rlib"
    "/private/tmp/nix-build-tauri-v1.0.0-beta.2-1.0.0-beta.2.drv-0/source/tooling/cli.rs/target/x86_64-apple-darwin/release/deps/libsha2-e37ebf62ac23fe28.rlib"
    "/private/tmp/nix-build-tauri-v1.0.0-beta.2-1.0.0-beta.2.drv-0/source/tooling/cli.rs/target/x86_64-apple-darwin/release/deps/libcpuid_bool-4ff93d49bc5f3fce.rlib"
    "/private/tmp/nix-build-tauri-v1.0.0-beta.2-1.0.0-beta.2.drv-0/source/tooling/cli.rs/target/x86_64-apple-darwin/release/deps/libopaque_debug-c08786f7d9df14aa.rlib"
    "/private/tmp/nix-build-tauri-v1.0.0-beta.2-1.0.0-beta.2.drv-0/source/tooling/cli.rs/target/x86_64-apple-darwin/release/deps/libblock_buffer-2dc325548e412fc4.rlib"
    "/private/tmp/nix-build-tauri-v1.0.0-beta.2-1.0.0-beta.2.drv-0/source/tooling/cli.rs/target/x86_64-apple-darwin/release/deps/libpbkdf2-7d4100bc88c3b737.rlib"
    "/private/tmp/nix-build-tauri-v1.0.0-beta.2-1.0.0-beta.2.drv-0/source/tooling/cli.rs/target/x86_64-apple-darwin/release/deps/libhmac-70f8b4ed83bf3ce2.rlib"
    "/private/tmp/nix-build-tauri-v1.0.0-beta.2-1.0.0-beta.2.drv-0/source/tooling/cli.rs/target/x86_64-apple-darwin/release/deps/libdigest-e56ab60780e2cfa5.rlib"
    "/private/tmp/nix-build-tauri-v1.0.0-beta.2-1.0.0-beta.2.drv-0/source/tooling/cli.rs/target/x86_64-apple-darwin/release/deps/libcrypto_mac-30eb0c44efb530fa.rlib"
    "/private/tmp/nix-build-tauri-v1.0.0-beta.2-1.0.0-beta.2.drv-0/source/tooling/cli.rs/target/x86_64-apple-darwin/release/deps/libsubtle-ccf8ba47cb51aa78.rlib"
    "/private/tmp/nix-build-tauri-v1.0.0-beta.2-1.0.0-beta.2.drv-0/source/tooling/cli.rs/target/x86_64-apple-darwin/release/deps/libgeneric_array-48710e52d4bfb86c.rlib"
    "/private/tmp/nix-build-tauri-v1.0.0-beta.2-1.0.0-beta.2.drv-0/source/tooling/cli.rs/target/x86_64-apple-darwin/release/deps/libtypenum-36a903197887b195.rlib"
    "/private/tmp/nix-build-tauri-v1.0.0-beta.2-1.0.0-beta.2.drv-0/source/tooling/cli.rs/target/x86_64-apple-darwin/release/deps/libgetrandom-6aa06321c7dd2ae4.rlib"
    "/private/tmp/nix-build-tauri-v1.0.0-beta.2-1.0.0-beta.2.drv-0/source/tooling/cli.rs/target/x86_64-apple-darwin/release/deps/libcfg_if-7a4eef13b69e6679.rlib"
    "/private/tmp/nix-build-tauri-v1.0.0-beta.2-1.0.0-beta.2.drv-0/source/tooling/cli.rs/target/x86_64-apple-darwin/release/deps/librpassword-c6227f8fe55be441.rlib"
    "/private/tmp/nix-build-tauri-v1.0.0-beta.2-1.0.0-beta.2.drv-0/source/tooling/cli.rs/target/x86_64-apple-darwin/release/deps/liblibc-21e888d3434abf3d.rlib"
    "/nix/store/4d1fjm87hpmhz5ns2ln6d05y0vrh9n4s-rust/lib/rustlib/x86_64-apple-darwin/lib/libstd-91f0e69a7ebd6e00.rlib"
    "/nix/store/4d1fjm87hpmhz5ns2ln6d05y0vrh9n4s-rust/lib/rustlib/x86_64-apple-darwin/lib/libpanic_unwind-36050f194975374d.rlib"
    "/nix/store/4d1fjm87hpmhz5ns2ln6d05y0vrh9n4s-rust/lib/rustlib/x86_64-apple-darwin/lib/libobject-e31c8111c698d163.rlib"
    "/nix/store/4d1fjm87hpmhz5ns2ln6d05y0vrh9n4s-rust/lib/rustlib/x86_64-apple-darwin/lib/libmemchr-cadc9c82d273f933.rlib"
    "/nix/store/4d1fjm87hpmhz5ns2ln6d05y0vrh9n4s-rust/lib/rustlib/x86_64-apple-darwin/lib/libaddr2line-e4462cb73bc7c44d.rlib"
    "/nix/store/4d1fjm87hpmhz5ns2ln6d05y0vrh9n4s-rust/lib/rustlib/x86_64-apple-darwin/lib/libgimli-37047837b923d0f0.rlib"
    "/nix/store/4d1fjm87hpmhz5ns2ln6d05y0vrh9n4s-rust/lib/rustlib/x86_64-apple-darwin/lib/libstd_detect-16528d37a8f3eab3.rlib"
    "/nix/store/4d1fjm87hpmhz5ns2ln6d05y0vrh9n4s-rust/lib/rustlib/x86_64-apple-darwin/lib/librustc_demangle-54ab9662306ce2de.rlib"
    "/nix/store/4d1fjm87hpmhz5ns2ln6d05y0vrh9n4s-rust/lib/rustlib/x86_64-apple-darwin/lib/libhashbrown-b493ccc9a0b06169.rlib"
    "/nix/store/4d1fjm87hpmhz5ns2ln6d05y0vrh9n4s-rust/lib/rustlib/x86_64-apple-darwin/lib/librustc_std_workspace_alloc-7a86533803c69aa4.rlib"
    "/nix/store/4d1fjm87hpmhz5ns2ln6d05y0vrh9n4s-rust/lib/rustlib/x86_64-apple-darwin/lib/libunwind-95847f4481c1d402.rlib"
    "/nix/store/4d1fjm87hpmhz5ns2ln6d05y0vrh9n4s-rust/lib/rustlib/x86_64-apple-darwin/lib/libcfg_if-f9d3de4d6bdbf64b.rlib"
    "/nix/store/4d1fjm87hpmhz5ns2ln6d05y0vrh9n4s-rust/lib/rustlib/x86_64-apple-darwin/lib/liblibc-b524a7407cf68766.rlib"
    "/nix/store/4d1fjm87hpmhz5ns2ln6d05y0vrh9n4s-rust/lib/rustlib/x86_64-apple-darwin/lib/liballoc-38142aee14781386.rlib"
    "/nix/store/4d1fjm87hpmhz5ns2ln6d05y0vrh9n4s-rust/lib/rustlib/x86_64-apple-darwin/lib/librustc_std_workspace_core-c27d31671763ac4a.rlib"
    "/nix/store/4d1fjm87hpmhz5ns2ln6d05y0vrh9n4s-rust/lib/rustlib/x86_64-apple-darwin/lib/libcore-7eec28d9e637d9ae.rlib"
    "/nix/store/4d1fjm87hpmhz5ns2ln6d05y0vrh9n4s-rust/lib/rustlib/x86_64-apple-darwin/lib/libcompiler_builtins-870fc7f82e4bde6f.rlib"
    "-framework" "Security"
    "-framework" "CoreServices"
    "-liconv"
    "-lSystem"
    "-lresolv"
    "-lc"
    "-lm"
    "-liconv"
    "-L" "/nix/store/isq96yjhdr2j9acdz4b68c5vvbfmq7xh-rust-1.58.1-2022-01-20-db9d1b20b/lib/rustlib/x86_64-apple-darwin/lib"
    "-o" "/private/tmp/nix-build-tauri-v1.0.0-beta.2-1.0.0-beta.2.drv-0/source/tooling/cli.rs/target/x86_64-apple-darwin/release/deps/cargo_tauri-bb7fd04366f2399c"
    "-Wl,-dead_strip"
    "-nodefaultlibs"
  = note: ld: framework not found Security
          clang-11: error: linker command failed with exit code 1 (use -v to see invocation)
          

warning: `tauri-cli` (bin "cargo-tauri") generated 3 warnings
error: could not compile `tauri-cli` due to previous error; 3 warnings emitted
builder for '/nix/store/w5889m9p6pjxysbvldih0b38ld9lkkq9-tauri-v1.0.0-beta.2-1.0.0-beta.2.drv' failed with exit code 101
error: build of '/nix/store/l09kq0jkw9h8x7jizk9gj0rvf4sm6813-rust-1.58.1-2022-01-20-db9d1b20b.drv', '/nix/store/w5889m9p6pjxysbvldih0b38ld9lkkq9-tauri-v1.0.0-beta.2-1.0.0-beta.2.drv' failed